{"/home/thiago/Documents/utf/2020-02/Topicos em Computação/07/lib/Calculator.js": {"path":"/home/thiago/Documents/utf/2020-02/Topicos em Computação/07/lib/Calculator.js","statementMap":{"0":{"start":{"line":3,"column":2},"end":{"line":3,"column":18}},"1":{"start":{"line":4,"column":2},"end":{"line":4,"column":20}},"2":{"start":{"line":8,"column":2},"end":{"line":8,"column":29}},"3":{"start":{"line":9,"column":2},"end":{"line":9,"column":25}},"4":{"start":{"line":13,"column":3},"end":{"line":13,"column":40}},"5":{"start":{"line":17,"column":17},"end":{"line":17,"column":40}},"6":{"start":{"line":18,"column":2},"end":{"line":41,"column":3}},"7":{"start":{"line":20,"column":4},"end":{"line":23,"column":51}},"8":{"start":{"line":21,"column":5},"end":{"line":21,"column":51}},"9":{"start":{"line":23,"column":5},"end":{"line":23,"column":51}},"10":{"start":{"line":25,"column":4},"end":{"line":28,"column":51}},"11":{"start":{"line":26,"column":5},"end":{"line":26,"column":51}},"12":{"start":{"line":28,"column":5},"end":{"line":28,"column":51}},"13":{"start":{"line":30,"column":4},"end":{"line":33,"column":51}},"14":{"start":{"line":31,"column":5},"end":{"line":31,"column":51}},"15":{"start":{"line":33,"column":5},"end":{"line":33,"column":51}},"16":{"start":{"line":35,"column":4},"end":{"line":38,"column":51}},"17":{"start":{"line":36,"column":5},"end":{"line":36,"column":51}},"18":{"start":{"line":38,"column":5},"end":{"line":38,"column":51}},"19":{"start":{"line":40,"column":4},"end":{"line":40,"column":39}},"20":{"start":{"line":45,"column":0},"end":{"line":45,"column":27}}},"fnMap":{"0":{"name":"(anonymous_0)","decl":{"start":{"line":2,"column":1},"end":{"line":2,"column":2}},"loc":{"start":{"line":2,"column":27},"end":{"line":5,"column":2}},"line":2},"1":{"name":"(anonymous_1)","decl":{"start":{"line":7,"column":1},"end":{"line":7,"column":2}},"loc":{"start":{"line":7,"column":14},"end":{"line":10,"column":2}},"line":7},"2":{"name":"(anonymous_2)","decl":{"start":{"line":12,"column":1},"end":{"line":12,"column":2}},"loc":{"start":{"line":12,"column":37},"end":{"line":14,"column":2}},"line":12},"3":{"name":"(anonymous_3)","decl":{"start":{"line":16,"column":1},"end":{"line":16,"column":2}},"loc":{"start":{"line":16,"column":12},"end":{"line":42,"column":2}},"line":16}},"branchMap":{"0":{"loc":{"start":{"line":18,"column":2},"end":{"line":41,"column":3}},"type":"switch","locations":[{"start":{"line":19,"column":3},"end":{"line":23,"column":51}},{"start":{"line":24,"column":3},"end":{"line":28,"column":51}},{"start":{"line":29,"column":3},"end":{"line":33,"column":51}},{"start":{"line":34,"column":3},"end":{"line":38,"column":51}},{"start":{"line":39,"column":3},"end":{"line":40,"column":39}}],"line":18},"1":{"loc":{"start":{"line":20,"column":4},"end":{"line":23,"column":51}},"type":"if","locations":[{"start":{"line":20,"column":4},"end":{"line":23,"column":51}},{"start":{"line":20,"column":4},"end":{"line":23,"column":51}}],"line":20},"2":{"loc":{"start":{"line":25,"column":4},"end":{"line":28,"column":51}},"type":"if","locations":[{"start":{"line":25,"column":4},"end":{"line":28,"column":51}},{"start":{"line":25,"column":4},"end":{"line":28,"column":51}}],"line":25},"3":{"loc":{"start":{"line":30,"column":4},"end":{"line":33,"column":51}},"type":"if","locations":[{"start":{"line":30,"column":4},"end":{"line":33,"column":51}},{"start":{"line":30,"column":4},"end":{"line":33,"column":51}}],"line":30},"4":{"loc":{"start":{"line":35,"column":4},"end":{"line":38,"column":51}},"type":"if","locations":[{"start":{"line":35,"column":4},"end":{"line":38,"column":51}},{"start":{"line":35,"column":4},"end":{"line":38,"column":51}}],"line":35}},"s":{"0":1,"1":1,"2":9,"3":9,"4":8,"5":9,"6":9,"7":2,"8":1,"9":1,"10":2,"11":1,"12":1,"13":2,"14":1,"15":1,"16":2,"17":1,"18":1,"19":1,"20":1},"f":{"0":1,"1":9,"2":8,"3":9},"b":{"0":[2,2,2,2,1],"1":[1,1],"2":[1,1],"3":[1,1],"4":[1,1]},"_coverageSchema":"1a1c01bbd47fc00a2c39e90264f33305004495a9","hash":"dcdaf83089a437fb634f5832b94ab5d325106efd"}
}
