TN:
SF:lib/Calculator.js
FN:2,(anonymous_0)
FN:7,(anonymous_1)
FN:12,(anonymous_2)
FN:16,(anonymous_3)
FNF:4
FNH:4
FNDA:1,(anonymous_0)
FNDA:9,(anonymous_1)
FNDA:8,(anonymous_2)
FNDA:9,(anonymous_3)
DA:3,1
DA:4,1
DA:8,9
DA:9,9
DA:13,8
DA:17,9
DA:18,9
DA:20,2
DA:21,1
DA:23,1
DA:25,2
DA:26,1
DA:28,1
DA:30,2
DA:31,1
DA:33,1
DA:35,2
DA:36,1
DA:38,1
DA:40,1
DA:45,1
LF:21
LH:21
BRDA:18,0,0,2
BRDA:18,0,1,2
BRDA:18,0,2,2
BRDA:18,0,3,2
BRDA:18,0,4,1
BRDA:20,1,0,1
BRDA:20,1,1,1
BRDA:25,2,0,1
BRDA:25,2,1,1
BRDA:30,3,0,1
BRDA:30,3,1,1
BRDA:35,4,0,1
BRDA:35,4,1,1
BRF:13
BRH:13
end_of_record
